Drill Listing
=============
Drill: 0.3  Tool: 1  Feed: 95  Speed: 300
X 100393  Y 53149
X 104330  Y 53149
X 96456  Y 53149
X 104330  Y 57086
X 100393  Y 57086
X 96456  Y 57086
X 100393  Y 61023
X 104330  Y 61023
X 96456  Y 61023
X 85236  Y 64370
X 96456  Y 64960
X 100393  Y 64960
X 104330  Y 64960
X 100393  Y 68897
X 96456  Y 68897
X 104330  Y 68897
X 96456  Y 72834
X 100393  Y 72834
X 104330  Y 72834
X 96456  Y 76771
X 104330  Y 76771
X 100393  Y 76771
X 90157  Y 77559
X 96456  Y 80708
X 100393  Y 80708
X 104330  Y 80708
X 108267  Y 83858
X 114173  Y 110236
X 110236  Y 114173
X 118110  Y 114173
X 114173  Y 118110
X 118110  Y 122047
X 114173  Y 125984
X 110236  Y 129921
X 118110  Y 129921
X 114173  Y 133858
X 110236  Y 137795
X 118110  Y 137795
X 114173  Y 141732
X 139763  Y 149606
X 122047  Y 141732
X 122047  Y 133858
X 122047  Y 125984
X 122047  Y 118110
X 122047  Y 110236
X 152362  Y 56299

Drill: 1  Tool: 2  Feed: 197  Speed: 550
X 72834  Y 70866
X 72834  Y 110236
X 72834  Y 165354
X 62992  Y 165354
X 53149  Y 165354
X 149606  Y 133858
X 106299  Y 122047
X 120078  Y 74803
X 122047  Y 55118

Drill: 1.3  Tool: 3  Feed: 107  Speed: 550
X 23622  Y 76614
X 23622  Y 96614
X 143858  Y 167322
X 123858  Y 167322

Drill: 3.3  Tool: 4  Feed: 35  Speed: 794
X 19685  Y 19685
X 19685  Y 177165
X 177165  Y 177165
X 177165  Y 19685

End of Listing
